Using pre-set license

 COMMAND LINE ARGUMENTS:
/Applications/2020.3.3f1/Unity.app/Contents/MacOS/Unity
-adb2
-batchMode
-noUpm
-name
AssetImportWorker0
-projectPath
/Users/codeninjas/Desktop/Anabel-JungleEscape
-logFile
Logs/AssetImportWorker0.log
-srvPort
51243
Successfully changed project path to: /Users/codeninjas/Desktop/Anabel-JungleEscape
/Users/codeninjas/Desktop/Anabel-JungleEscape
Using Asset Import Pipeline V2.
Refreshing native plugins compatible for Editor in 56.04 ms, found 1 plugins.
Preloading 0 native plugins for Editor in 0.00 ms.
Initialize engine version: 2020.3.3f1 (76626098c1c4)
[Subsystems] Discovering subsystems at path /Applications/2020.3.3f1/Unity.app/Contents/Resources/UnitySubsystems
[Subsystems] Discovering subsystems at path /Users/codeninjas/Desktop/Anabel-JungleEscape/Assets
GfxDevice: creating device client; threaded=0
2021-10-02 11:30:41.622 Unity[7153:507016] Color LCD preferred device: Intel(R) Iris(TM) Plus Graphics 640 (low power)
2021-10-02 11:30:41.622 Unity[7153:507016] Metal devices available: 1
2021-10-02 11:30:41.623 Unity[7153:507016] 0: Intel(R) Iris(TM) Plus Graphics 640 (low power)
2021-10-02 11:30:41.623 Unity[7153:507016] Using device Intel(R) Iris(TM) Plus Graphics 640 (low power)
Initializing Metal device caps: Intel(R) Iris(TM) Plus Graphics 640
Initialize mono
Mono path[0] = '/Applications/2020.3.3f1/Unity.app/Contents/Managed'
Mono path[1] = '/Applications/2020.3.3f1/Unity.app/Contents/MonoBleedingEdge/lib/mono/unityjit'
Mono config path = '/Applications/2020.3.3f1/Unity.app/Contents/MonoBleedingEdge/etc'
Using monoOptions --debugger-agent=transport=dt_socket,embedding=1,server=y,suspend=n,address=127.0.0.1:56153
Begin MonoManager ReloadAssembly
Registering precompiled unity dll's ...
Register platform support module: /Applications/2020.3.3f1/Unity.app/Contents/PlaybackEngines/MacStandaloneSupport/UnityEditor.OSXStandalone.Extensions.dll
Registered in 0.000530 seconds.
Native extension for OSXStandalone target not found
Refreshing native plugins compatible for Editor in 71.31 ms, found 1 plugins.
Preloading 0 native plugins for Editor in 0.00 ms.
Invoked RoslynAnalysisRunner static constructor.
RoslynAnalysisRunner will not be running.
RoslynAnalysisRunner has terminated.
Mono: successfully reloaded assembly
- Completed reload, in  1.960 seconds
Platform modules already initialized, skipping
Registering precompiled user dll's ...
Registered in 0.000510 seconds.
Begin MonoManager ReloadAssembly
Native extension for OSXStandalone target not found
Refreshing native plugins compatible for Editor in 0.28 ms, found 1 plugins.
Preloading 0 native plugins for Editor in 0.00 ms.
Invoked RoslynAnalysisRunner static constructor.
RoslynAnalysisRunner will not be running.
RoslynAnalysisRunner has terminated.
Mono: successfully reloaded assembly
- Completed reload, in  1.315 seconds
Platform modules already initialized, skipping
========================================================================
Worker process is ready to serve import requests
Launching external process: /Applications/2020.3.3f1/Unity.app/Contents/Tools/UnityShaderCompiler
Launched and connected shader compiler UnityShaderCompiler after 0.01 seconds
Refreshing native plugins compatible for Editor in 0.26 ms, found 1 plugins.
Preloading 0 native plugins for Editor in 0.00 ms.
Unloading 1122 Unused Serialized files (Serialized files now loaded: 0)
System memory in use before: 108.8 MB.
System memory in use after: 108.9 MB.

Unloading 10 unused Assets to reduce memory usage. Loaded Objects now: 1564.
Total: 2.956270 ms (FindLiveObjects: 0.225033 ms CreateObjectMapping: 0.061985 ms MarkObjects: 2.492025 ms  DeleteObjects: 0.175669 ms)

========================================================================
Received Import Request.
  path: Assets/Scenes/JungleEscape.unity
  artifactKey: Guid(6e62157d0652c6945b4e5a191eb30f26) Importer(815301076,1909f56bfc062723c751e8b465ee728b)
Start importing Assets/Scenes/JungleEscape.unity using Guid(6e62157d0652c6945b4e5a191eb30f26) Importer(815301076,1909f56bfc062723c751e8b465ee728b)  -> (artifact id: '465fd2c6d1faadb6444b66e937dbaff0') in 0.011398 seconds
  Import took 0.013610 seconds .

========================================================================
Received Import Request.
  Time since last request: 0.000203 seconds.
  path: Assets/Scenes
  artifactKey: Guid(4cfdabf7567f4474881c36cf6b768891) Importer(815301076,1909f56bfc062723c751e8b465ee728b)
Start importing Assets/Scenes using Guid(4cfdabf7567f4474881c36cf6b768891) Importer(815301076,1909f56bfc062723c751e8b465ee728b)  -> (artifact id: 'd09843154d5cc7d904e2caf6ef11fc30') in 0.000745 seconds
  Import took 0.003124 seconds .

========================================================================
Received Import Request.
  Time since last request: 9.304035 seconds.
  path: Assets/Models/Codey.fbx
  artifactKey: Guid(a656d097d5ac93b4cabeb8a33bbe1bca) Importer(815301076,1909f56bfc062723c751e8b465ee728b)
Start importing Assets/Models/Codey.fbx using Guid(a656d097d5ac93b4cabeb8a33bbe1bca) Importer(815301076,1909f56bfc062723c751e8b465ee728b)  -> (artifact id: '370e5c424868dffdccb5eff88f4beaa7') in 0.688886 seconds
  Import took 0.693228 seconds .

========================================================================
Received Import Request.
  Time since last request: 0.000402 seconds.
  path: Assets/Models/tree1.fbx
  artifactKey: Guid(0c1bef51dce0e2c4a821aa2de2683c91) Importer(815301076,1909f56bfc062723c751e8b465ee728b)
Start importing Assets/Models/tree1.fbx using Guid(0c1bef51dce0e2c4a821aa2de2683c91) Importer(815301076,1909f56bfc062723c751e8b465ee728b)  -> (artifact id: '05ac01005de2550182d061786f576070') in 0.131486 seconds
  Import took 0.134103 seconds .

========================================================================
Received Import Request.
  Time since last request: 0.000230 seconds.
  path: Assets/Models/tree.fbx
  artifactKey: Guid(8252c0f0554528d4893344dfdc762537) Importer(815301076,1909f56bfc062723c751e8b465ee728b)
Start importing Assets/Models/tree.fbx using Guid(8252c0f0554528d4893344dfdc762537) Importer(815301076,1909f56bfc062723c751e8b465ee728b)  -> (artifact id: 'a3b0bf1c281ab73498528b014dce2076') in 0.115937 seconds
  Import took 0.118807 seconds .

========================================================================
Received Import Request.
  Time since last request: 2.450378 seconds.
  path: Assets/Scripts/Movement.cs
  artifactKey: Guid(609ed50c3dc35744285e07e1932e00da) Importer(815301076,1909f56bfc062723c751e8b465ee728b)
Start importing Assets/Scripts/Movement.cs using Guid(609ed50c3dc35744285e07e1932e00da) Importer(815301076,1909f56bfc062723c751e8b465ee728b)  -> (artifact id: 'ae03d8b6345d23c6a700ec4aeb66a598') in 0.169596 seconds
  Import took 0.172931 seconds .

========================================================================
Received Import Request.
  Time since last request: 6.499032 seconds.
  path: Assets/Scripts/Jump.cs
  artifactKey: Guid(97c60f2c6e5f44a4ba98a6729648aacd) Importer(815301076,1909f56bfc062723c751e8b465ee728b)
Start importing Assets/Scripts/Jump.cs using Guid(97c60f2c6e5f44a4ba98a6729648aacd) Importer(815301076,1909f56bfc062723c751e8b465ee728b)  -> (artifact id: '86ae52f230c27ac29ce3a7f3bedac47f') in 0.001287 seconds
  Import took 0.003668 seconds .

========================================================================
Received Import Request.
  Time since last request: 0.015516 seconds.
  path: Assets/Scripts/Jump.cs
  artifactKey: Guid(97c60f2c6e5f44a4ba98a6729648aacd) Importer(815301076,1909f56bfc062723c751e8b465ee728b)
Start importing Assets/Scripts/Jump.cs using Guid(97c60f2c6e5f44a4ba98a6729648aacd) Importer(815301076,1909f56bfc062723c751e8b465ee728b)  -> (artifact id: '86ae52f230c27ac29ce3a7f3bedac47f') in 0.002986 seconds
  Import took 0.007010 seconds .

========================================================================
Received Prepare
Registering precompiled user dll's ...
Registered in 0.000520 seconds.
Begin MonoManager ReloadAssembly
Native extension for OSXStandalone target not found
Refreshing native plugins compatible for Editor in 0.26 ms, found 1 plugins.
Preloading 0 native plugins for Editor in 0.00 ms.
Invoked RoslynAnalysisRunner static constructor.
RoslynAnalysisRunner will not be running.
RoslynAnalysisRunner has terminated.
Mono: successfully reloaded assembly
- Completed reload, in  1.050 seconds
Platform modules already initialized, skipping
Refreshing native plugins compatible for Editor in 0.39 ms, found 1 plugins.
Preloading 0 native plugins for Editor in 0.00 ms.
Unloading 1117 Unused Serialized files (Serialized files now loaded: 0)
System memory in use before: 133.0 MB.
System memory in use after: 133.1 MB.

Unloading 6 unused Assets to reduce memory usage. Loaded Objects now: 1611.
Total: 1.785154 ms (FindLiveObjects: 0.183243 ms CreateObjectMapping: 0.038766 ms MarkObjects: 1.483559 ms  DeleteObjects: 0.078054 ms)

========================================================================
Received Import Request.
  Time since last request: 23.139293 seconds.
  path: Assets/Scripts/Jump.cs
  artifactKey: Guid(97c60f2c6e5f44a4ba98a6729648aacd) Importer(815301076,1909f56bfc062723c751e8b465ee728b)
Start importing Assets/Scripts/Jump.cs using Guid(97c60f2c6e5f44a4ba98a6729648aacd) Importer(815301076,1909f56bfc062723c751e8b465ee728b)  -> (artifact id: '81a5527e0b0eea29b10d4c0583ad72c3') in 0.003740 seconds
  Import took 0.006483 seconds .

========================================================================
Received Import Request.
  Time since last request: 6.241689 seconds.
  path: Assets/Scripts/Jump.cs
  artifactKey: Guid(97c60f2c6e5f44a4ba98a6729648aacd) Importer(815301076,1909f56bfc062723c751e8b465ee728b)
Start importing Assets/Scripts/Jump.cs using Guid(97c60f2c6e5f44a4ba98a6729648aacd) Importer(815301076,1909f56bfc062723c751e8b465ee728b)  -> (artifact id: '2c431957ff69de423c79d454133187f7') in 0.003972 seconds
  Import took 0.007366 seconds .

========================================================================
Received Import Request.
  Time since last request: 6.740879 seconds.
  path: Assets/Scripts/Jump.cs
  artifactKey: Guid(97c60f2c6e5f44a4ba98a6729648aacd) Importer(815301076,1909f56bfc062723c751e8b465ee728b)
Start importing Assets/Scripts/Jump.cs using Guid(97c60f2c6e5f44a4ba98a6729648aacd) Importer(815301076,1909f56bfc062723c751e8b465ee728b)  -> (artifact id: '48f98290a3e962b994754f716cb82ce6') in 0.002199 seconds
  Import took 0.005010 seconds .

========================================================================
Received Prepare
Registering precompiled user dll's ...
Registered in 0.000515 seconds.
Begin MonoManager ReloadAssembly
Native extension for OSXStandalone target not found
Refreshing native plugins compatible for Editor in 0.30 ms, found 1 plugins.
Preloading 0 native plugins for Editor in 0.00 ms.
Invoked RoslynAnalysisRunner static constructor.
RoslynAnalysisRunner will not be running.
RoslynAnalysisRunner has terminated.
Mono: successfully reloaded assembly
- Completed reload, in  1.273 seconds
Platform modules already initialized, skipping
Refreshing native plugins compatible for Editor in 0.24 ms, found 1 plugins.
Preloading 0 native plugins for Editor in 0.00 ms.
Unloading 1117 Unused Serialized files (Serialized files now loaded: 0)
System memory in use before: 133.3 MB.
System memory in use after: 133.3 MB.

Unloading 5 unused Assets to reduce memory usage. Loaded Objects now: 1614.
Total: 2.055606 ms (FindLiveObjects: 0.270291 ms CreateObjectMapping: 0.067442 ms MarkObjects: 1.656516 ms  DeleteObjects: 0.059505 ms)

========================================================================
Received Import Request.
  Time since last request: 24.647389 seconds.
  path: Assets/Scripts/Jump.cs
  artifactKey: Guid(97c60f2c6e5f44a4ba98a6729648aacd) Importer(815301076,1909f56bfc062723c751e8b465ee728b)
Start importing Assets/Scripts/Jump.cs using Guid(97c60f2c6e5f44a4ba98a6729648aacd) Importer(815301076,1909f56bfc062723c751e8b465ee728b)  -> (artifact id: '64ab179f5a3653f8f8e554f6aef4a145') in 0.003582 seconds
  Import took 0.005622 seconds .

========================================================================
Received Prepare
Registering precompiled user dll's ...
Registered in 0.000344 seconds.
Begin MonoManager ReloadAssembly
Native extension for OSXStandalone target not found
Refreshing native plugins compatible for Editor in 0.24 ms, found 1 plugins.
Preloading 0 native plugins for Editor in 0.00 ms.
Invoked RoslynAnalysisRunner static constructor.
RoslynAnalysisRunner will not be running.
RoslynAnalysisRunner has terminated.
Mono: successfully reloaded assembly
- Completed reload, in  1.060 seconds
Platform modules already initialized, skipping
Refreshing native plugins compatible for Editor in 0.26 ms, found 1 plugins.
Preloading 0 native plugins for Editor in 0.00 ms.
Unloading 1117 Unused Serialized files (Serialized files now loaded: 0)
System memory in use before: 133.5 MB.
System memory in use after: 133.5 MB.

Unloading 5 unused Assets to reduce memory usage. Loaded Objects now: 1617.
Total: 1.773086 ms (FindLiveObjects: 0.181753 ms CreateObjectMapping: 0.041975 ms MarkObjects: 1.489469 ms  DeleteObjects: 0.057765 ms)

========================================================================
Received Import Request.
  Time since last request: 54.093261 seconds.
  path: Assets/Scripts/Jump.cs
  artifactKey: Guid(97c60f2c6e5f44a4ba98a6729648aacd) Importer(815301076,1909f56bfc062723c751e8b465ee728b)
Start importing Assets/Scripts/Jump.cs using Guid(97c60f2c6e5f44a4ba98a6729648aacd) Importer(815301076,1909f56bfc062723c751e8b465ee728b)  -> (artifact id: 'fe0d6f91a2ab3b6ef7c0403246963d60') in 0.003087 seconds
  Import took 0.005200 seconds .

========================================================================
Received Prepare
Registering precompiled user dll's ...
Registered in 0.002393 seconds.
Begin MonoManager ReloadAssembly
Native extension for OSXStandalone target not found
Refreshing native plugins compatible for Editor in 0.49 ms, found 1 plugins.
Preloading 0 native plugins for Editor in 0.00 ms.
Invoked RoslynAnalysisRunner static constructor.
RoslynAnalysisRunner will not be running.
RoslynAnalysisRunner has terminated.
Mono: successfully reloaded assembly
- Completed reload, in  2.270 seconds
Platform modules already initialized, skipping
Refreshing native plugins compatible for Editor in 0.50 ms, found 1 plugins.
Preloading 0 native plugins for Editor in 0.00 ms.
Unloading 1117 Unused Serialized files (Serialized files now loaded: 0)
System memory in use before: 133.6 MB.
System memory in use after: 133.7 MB.

Unloading 5 unused Assets to reduce memory usage. Loaded Objects now: 1620.
Total: 3.344311 ms (FindLiveObjects: 0.319402 ms CreateObjectMapping: 0.113705 ms MarkObjects: 2.835457 ms  DeleteObjects: 0.073593 ms)

========================================================================
Received Import Request.
  Time since last request: 57.946127 seconds.
  path: Assets/Scripts/Jump.cs
  artifactKey: Guid(97c60f2c6e5f44a4ba98a6729648aacd) Importer(815301076,1909f56bfc062723c751e8b465ee728b)
Start importing Assets/Scripts/Jump.cs using Guid(97c60f2c6e5f44a4ba98a6729648aacd) Importer(815301076,1909f56bfc062723c751e8b465ee728b)  -> (artifact id: '663900db11c49f4dbde384034d1f94a3') in 0.005851 seconds
  Import took 0.009451 seconds .

========================================================================
Received Import Request.
  Time since last request: 23.274570 seconds.
  path: Assets/Scripts/Jump.cs
  artifactKey: Guid(97c60f2c6e5f44a4ba98a6729648aacd) Importer(815301076,1909f56bfc062723c751e8b465ee728b)
Start importing Assets/Scripts/Jump.cs using Guid(97c60f2c6e5f44a4ba98a6729648aacd) Importer(815301076,1909f56bfc062723c751e8b465ee728b)  -> (artifact id: 'ec9017bc97b37cf56a5f21a04758f0e5') in 0.001741 seconds
  Import took 0.005941 seconds .

========================================================================
Received Import Request.
  Time since last request: 48.805145 seconds.
  path: Assets/Scripts/Jump.cs
  artifactKey: Guid(97c60f2c6e5f44a4ba98a6729648aacd) Importer(815301076,1909f56bfc062723c751e8b465ee728b)
Start importing Assets/Scripts/Jump.cs using Guid(97c60f2c6e5f44a4ba98a6729648aacd) Importer(815301076,1909f56bfc062723c751e8b465ee728b)  -> (artifact id: '2f46203926c68007ce14890b1b9c0d17') in 0.001653 seconds
  Import took 0.004407 seconds .

========================================================================
Received Import Request.
  Time since last request: 18.137078 seconds.
  path: Assets/Scripts/Jump.cs
  artifactKey: Guid(97c60f2c6e5f44a4ba98a6729648aacd) Importer(815301076,1909f56bfc062723c751e8b465ee728b)
Start importing Assets/Scripts/Jump.cs using Guid(97c60f2c6e5f44a4ba98a6729648aacd) Importer(815301076,1909f56bfc062723c751e8b465ee728b)  -> (artifact id: 'b100cc13be34e30aee26799e83773b25') in 0.001149 seconds
  Import took 0.004847 seconds .

========================================================================
Received Import Request.
  Time since last request: 5.344216 seconds.
  path: Assets/Scripts/Jump.cs
  artifactKey: Guid(97c60f2c6e5f44a4ba98a6729648aacd) Importer(815301076,1909f56bfc062723c751e8b465ee728b)
Start importing Assets/Scripts/Jump.cs using Guid(97c60f2c6e5f44a4ba98a6729648aacd) Importer(815301076,1909f56bfc062723c751e8b465ee728b)  -> (artifact id: '338aeda75c19c0dc1569bac506197f6b') in 0.002044 seconds
  Import took 0.008124 seconds .

========================================================================
Received Prepare
Registering precompiled user dll's ...
Registered in 0.000467 seconds.
Begin MonoManager ReloadAssembly
Native extension for OSXStandalone target not found
Refreshing native plugins compatible for Editor in 0.45 ms, found 1 plugins.
Preloading 0 native plugins for Editor in 0.00 ms.
Invoked RoslynAnalysisRunner static constructor.
RoslynAnalysisRunner will not be running.
RoslynAnalysisRunner has terminated.
Mono: successfully reloaded assembly
- Completed reload, in  1.373 seconds
Platform modules already initialized, skipping
Refreshing native plugins compatible for Editor in 0.51 ms, found 1 plugins.
Preloading 0 native plugins for Editor in 0.00 ms.
Unloading 1117 Unused Serialized files (Serialized files now loaded: 0)
System memory in use before: 133.9 MB.
System memory in use after: 133.9 MB.

Unloading 5 unused Assets to reduce memory usage. Loaded Objects now: 1623.
Total: 2.502942 ms (FindLiveObjects: 0.271852 ms CreateObjectMapping: 0.051383 ms MarkObjects: 2.059007 ms  DeleteObjects: 0.118462 ms)

========================================================================
Received Import Request.
  Time since last request: 16.161899 seconds.
  path: Assets/Scripts/Jump.cs
  artifactKey: Guid(97c60f2c6e5f44a4ba98a6729648aacd) Importer(815301076,1909f56bfc062723c751e8b465ee728b)
Start importing Assets/Scripts/Jump.cs using Guid(97c60f2c6e5f44a4ba98a6729648aacd) Importer(815301076,1909f56bfc062723c751e8b465ee728b)  -> (artifact id: '3ce4086afc4c43ae2ebd01491af90dbb') in 0.005803 seconds
  Import took 0.009290 seconds .

========================================================================
Received Prepare
Registering precompiled user dll's ...
Registered in 0.000383 seconds.
Begin MonoManager ReloadAssembly
Native extension for OSXStandalone target not found
Refreshing native plugins compatible for Editor in 0.29 ms, found 1 plugins.
Preloading 0 native plugins for Editor in 0.00 ms.
Invoked RoslynAnalysisRunner static constructor.
RoslynAnalysisRunner will not be running.
RoslynAnalysisRunner has terminated.
Mono: successfully reloaded assembly
- Completed reload, in  1.605 seconds
Platform modules already initialized, skipping
Refreshing native plugins compatible for Editor in 0.37 ms, found 1 plugins.
Preloading 0 native plugins for Editor in 0.00 ms.
Unloading 1117 Unused Serialized files (Serialized files now loaded: 0)
System memory in use before: 133.9 MB.
System memory in use after: 134.0 MB.

Unloading 5 unused Assets to reduce memory usage. Loaded Objects now: 1626.
Total: 3.606436 ms (FindLiveObjects: 0.518149 ms CreateObjectMapping: 0.108129 ms MarkObjects: 2.840625 ms  DeleteObjects: 0.136621 ms)

========================================================================
Received Prepare
Registering precompiled user dll's ...
Registered in 0.000362 seconds.
Begin MonoManager ReloadAssembly
Native extension for OSXStandalone target not found
Refreshing native plugins compatible for Editor in 0.24 ms, found 1 plugins.
Preloading 0 native plugins for Editor in 0.00 ms.
Invoked RoslynAnalysisRunner static constructor.
RoslynAnalysisRunner will not be running.
RoslynAnalysisRunner has terminated.
Mono: successfully reloaded assembly
- Completed reload, in  1.208 seconds
Platform modules already initialized, skipping
Refreshing native plugins compatible for Editor in 0.26 ms, found 1 plugins.
Preloading 0 native plugins for Editor in 0.00 ms.
Unloading 1117 Unused Serialized files (Serialized files now loaded: 0)
System memory in use before: 134.1 MB.
System memory in use after: 134.1 MB.

Unloading 5 unused Assets to reduce memory usage. Loaded Objects now: 1629.
Total: 2.324118 ms (FindLiveObjects: 0.313447 ms CreateObjectMapping: 0.063997 ms MarkObjects: 1.886316 ms  DeleteObjects: 0.059156 ms)

========================================================================
Received Prepare
Registering precompiled user dll's ...
Registered in 0.000417 seconds.
Begin MonoManager ReloadAssembly
Native extension for OSXStandalone target not found
Refreshing native plugins compatible for Editor in 0.25 ms, found 1 plugins.
Preloading 0 native plugins for Editor in 0.00 ms.
Invoked RoslynAnalysisRunner static constructor.
RoslynAnalysisRunner will not be running.
RoslynAnalysisRunner has terminated.
Mono: successfully reloaded assembly
- Completed reload, in  1.256 seconds
Platform modules already initialized, skipping
Refreshing native plugins compatible for Editor in 0.23 ms, found 1 plugins.
Preloading 0 native plugins for Editor in 0.00 ms.
Unloading 1117 Unused Serialized files (Serialized files now loaded: 0)
System memory in use before: 134.3 MB.
System memory in use after: 134.3 MB.

Unloading 5 unused Assets to reduce memory usage. Loaded Objects now: 1632.
Total: 2.116059 ms (FindLiveObjects: 0.167630 ms CreateObjectMapping: 0.038856 ms MarkObjects: 1.824436 ms  DeleteObjects: 0.083461 ms)

========================================================================
Received Prepare
Registering precompiled user dll's ...
Registered in 0.000663 seconds.
Begin MonoManager ReloadAssembly
Native extension for OSXStandalone target not found
Refreshing native plugins compatible for Editor in 1.68 ms, found 1 plugins.
Preloading 0 native plugins for Editor in 0.00 ms.
Invoked RoslynAnalysisRunner static constructor.
RoslynAnalysisRunner will not be running.
RoslynAnalysisRunner has terminated.
Mono: successfully reloaded assembly
- Completed reload, in  4.013 seconds
Platform modules already initialized, skipping
Refreshing native plugins compatible for Editor in 4.69 ms, found 1 plugins.
Preloading 0 native plugins for Editor in 0.00 ms.
Unloading 1117 Unused Serialized files (Serialized files now loaded: 0)
System memory in use before: 134.5 MB.
System memory in use after: 134.5 MB.

Unloading 5 unused Assets to reduce memory usage. Loaded Objects now: 1635.
Total: 6.559742 ms (FindLiveObjects: 0.378096 ms CreateObjectMapping: 0.103647 ms MarkObjects: 5.942896 ms  DeleteObjects: 0.130104 ms)

========================================================================
Received Prepare
Registering precompiled user dll's ...
Registered in 0.000534 seconds.
Begin MonoManager ReloadAssembly
Native extension for OSXStandalone target not found
Refreshing native plugins compatible for Editor in 0.56 ms, found 1 plugins.
Preloading 0 native plugins for Editor in 0.00 ms.
Invoked RoslynAnalysisRunner static constructor.
RoslynAnalysisRunner will not be running.
RoslynAnalysisRunner has terminated.
Mono: successfully reloaded assembly
- Completed reload, in  2.009 seconds
Platform modules already initialized, skipping
Refreshing native plugins compatible for Editor in 0.34 ms, found 1 plugins.
Preloading 0 native plugins for Editor in 0.00 ms.
Unloading 1117 Unused Serialized files (Serialized files now loaded: 0)
System memory in use before: 134.7 MB.
System memory in use after: 134.7 MB.

Unloading 5 unused Assets to reduce memory usage. Loaded Objects now: 1638.
Total: 2.796939 ms (FindLiveObjects: 0.550009 ms CreateObjectMapping: 0.084765 ms MarkObjects: 2.052120 ms  DeleteObjects: 0.107833 ms)

========================================================================
Received Prepare
Registering precompiled user dll's ...
Registered in 0.000550 seconds.
Begin MonoManager ReloadAssembly
Native extension for OSXStandalone target not found
Refreshing native plugins compatible for Editor in 0.35 ms, found 1 plugins.
Preloading 0 native plugins for Editor in 0.00 ms.
Invoked RoslynAnalysisRunner static constructor.
RoslynAnalysisRunner will not be running.
RoslynAnalysisRunner has terminated.
Mono: successfully reloaded assembly
- Completed reload, in  2.688 seconds
Platform modules already initialized, skipping
Refreshing native plugins compatible for Editor in 19.96 ms, found 1 plugins.
Preloading 0 native plugins for Editor in 0.00 ms.
Unloading 1117 Unused Serialized files (Serialized files now loaded: 0)
System memory in use before: 134.8 MB.
System memory in use after: 134.8 MB.

Unloading 5 unused Assets to reduce memory usage. Loaded Objects now: 1641.
Total: 4.888380 ms (FindLiveObjects: 1.133879 ms CreateObjectMapping: 0.123323 ms MarkObjects: 3.504130 ms  DeleteObjects: 0.124793 ms)

========================================================================
Received Prepare
Registering precompiled user dll's ...
Registered in 0.000544 seconds.
Begin MonoManager ReloadAssembly
Native extension for OSXStandalone target not found
Refreshing native plugins compatible for Editor in 0.73 ms, found 1 plugins.
Preloading 0 native plugins for Editor in 0.00 ms.
Invoked RoslynAnalysisRunner static constructor.
RoslynAnalysisRunner will not be running.
RoslynAnalysisRunner has terminated.
Mono: successfully reloaded assembly
- Completed reload, in  4.037 seconds
Platform modules already initialized, skipping
Refreshing native plugins compatible for Editor in 0.54 ms, found 1 plugins.
Preloading 0 native plugins for Editor in 0.00 ms.
Unloading 1117 Unused Serialized files (Serialized files now loaded: 0)
System memory in use before: 135.0 MB.
System memory in use after: 135.0 MB.

Unloading 5 unused Assets to reduce memory usage. Loaded Objects now: 1644.
Total: 3.837056 ms (FindLiveObjects: 0.609557 ms CreateObjectMapping: 0.109814 ms MarkObjects: 2.981129 ms  DeleteObjects: 0.131829 ms)

========================================================================
Received Import Request.
  Time since last request: 319.881775 seconds.
  path: Assets/Animations/Codey@idelPose.fbx
  artifactKey: Guid(e6ee5e2b4f423f84c8b0e4a087bed79b) Importer(815301076,1909f56bfc062723c751e8b465ee728b)
Start importing Assets/Animations/Codey@idelPose.fbx using Guid(e6ee5e2b4f423f84c8b0e4a087bed79b) Importer(815301076,1909f56bfc062723c751e8b465ee728b)  -> (artifact id: 'cfbca1ed5f6496ed3f26ea711f07d7ce') in 0.052376 seconds
  Import took 0.055788 seconds .

========================================================================
Received Import Request.
  Time since last request: 0.000213 seconds.
  path: Assets/Animations/Codey@jump.fbx
  artifactKey: Guid(bbea34e7cdf69894cb2233328fb35cb8) Importer(815301076,1909f56bfc062723c751e8b465ee728b)
Start importing Assets/Animations/Codey@jump.fbx using Guid(bbea34e7cdf69894cb2233328fb35cb8) Importer(815301076,1909f56bfc062723c751e8b465ee728b)  -> (artifact id: '2f1cfe80a8fc6cdfd1fb97e94a025e41') in 0.007944 seconds
  Import took 0.010145 seconds .

========================================================================
Received Import Request.
  Time since last request: 0.000296 seconds.
  path: Assets/Animations/Codey@walk.fbx
  artifactKey: Guid(40299b6b7b59d7544b11cb37384acf71) Importer(815301076,1909f56bfc062723c751e8b465ee728b)
Start importing Assets/Animations/Codey@walk.fbx using Guid(40299b6b7b59d7544b11cb37384acf71) Importer(815301076,1909f56bfc062723c751e8b465ee728b)  -> (artifact id: '8910db4f8b5272847c2fff65d694c333') in 0.011345 seconds
  Import took 0.014172 seconds .

========================================================================
Received Import Request.
  Time since last request: 0.000193 seconds.
  path: Assets/Animations/Codey@walkBackwards.fbx
  artifactKey: Guid(2a417d7ef84b2f24c9d251ea7f4d0891) Importer(815301076,1909f56bfc062723c751e8b465ee728b)
Start importing Assets/Animations/Codey@walkBackwards.fbx using Guid(2a417d7ef84b2f24c9d251ea7f4d0891) Importer(815301076,1909f56bfc062723c751e8b465ee728b)  -> (artifact id: 'a39c3da169d9bb7cdf81834b8c4af2ec') in 0.011054 seconds
  Import took 0.014021 seconds .

========================================================================
Received Import Request.
  Time since last request: 5.032374 seconds.
  path: Assets/Animations/Codey-AnimCTRL.controller
  artifactKey: Guid(b979ef0abebbf8c499d09d204fbe6ff1) Importer(815301076,1909f56bfc062723c751e8b465ee728b)
Start importing Assets/Animations/Codey-AnimCTRL.controller using Guid(b979ef0abebbf8c499d09d204fbe6ff1) Importer(815301076,1909f56bfc062723c751e8b465ee728b)  -> (artifact id: '527b0db290bffefac38669945d4ec822') in 0.240708 seconds
  Import took 0.244346 seconds .

========================================================================
Received Prepare
Registering precompiled user dll's ...
Registered in 0.000441 seconds.
Begin MonoManager ReloadAssembly
Native extension for OSXStandalone target not found
Refreshing native plugins compatible for Editor in 0.42 ms, found 1 plugins.
Preloading 0 native plugins for Editor in 0.00 ms.
Invoked RoslynAnalysisRunner static constructor.
RoslynAnalysisRunner will not be running.
RoslynAnalysisRunner has terminated.
Mono: successfully reloaded assembly
- Completed reload, in  1.206 seconds
Platform modules already initialized, skipping
Refreshing native plugins compatible for Editor in 0.38 ms, found 1 plugins.
Preloading 0 native plugins for Editor in 0.00 ms.
Unloading 1118 Unused Serialized files (Serialized files now loaded: 0)
System memory in use before: 139.7 MB.
System memory in use after: 139.8 MB.

Unloading 5 unused Assets to reduce memory usage. Loaded Objects now: 1648.
Total: 2.482114 ms (FindLiveObjects: 0.246746 ms CreateObjectMapping: 0.049314 ms MarkObjects: 2.100338 ms  DeleteObjects: 0.083948 ms)

========================================================================
Received Prepare
Registering precompiled user dll's ...
Registered in 0.000499 seconds.
Begin MonoManager ReloadAssembly
Native extension for OSXStandalone target not found
Refreshing native plugins compatible for Editor in 0.26 ms, found 1 plugins.
Preloading 0 native plugins for Editor in 0.00 ms.
Invoked RoslynAnalysisRunner static constructor.
RoslynAnalysisRunner will not be running.
RoslynAnalysisRunner has terminated.
Mono: successfully reloaded assembly
- Completed reload, in  1.217 seconds
Platform modules already initialized, skipping
Refreshing native plugins compatible for Editor in 0.32 ms, found 1 plugins.
Preloading 0 native plugins for Editor in 0.00 ms.
Unloading 1118 Unused Serialized files (Serialized files now loaded: 0)
System memory in use before: 139.8 MB.
System memory in use after: 139.9 MB.

Unloading 5 unused Assets to reduce memory usage. Loaded Objects now: 1651.
Total: 1.874862 ms (FindLiveObjects: 0.237861 ms CreateObjectMapping: 0.040776 ms MarkObjects: 1.515055 ms  DeleteObjects: 0.080182 ms)

========================================================================
Received Import Request.
  Time since last request: 48.483410 seconds.
  path: Assets/Scripts
  artifactKey: Guid(54656e89d182e4e47afae7db67c507ec) Importer(815301076,1909f56bfc062723c751e8b465ee728b)
Start importing Assets/Scripts using Guid(54656e89d182e4e47afae7db67c507ec) Importer(815301076,1909f56bfc062723c751e8b465ee728b)  -> (artifact id: 'd55af98312f819ae55b5f7ced9375425') in 0.005136 seconds
  Import took 0.007816 seconds .

========================================================================
Received Import Request.
  Time since last request: 2.403514 seconds.
  path: Assets/Scripts/AnimatePlayer.cs
  artifactKey: Guid(ce507a05a2be648b19f0b4643e3e3c76) Importer(815301076,1909f56bfc062723c751e8b465ee728b)
Start importing Assets/Scripts/AnimatePlayer.cs using Guid(ce507a05a2be648b19f0b4643e3e3c76) Importer(815301076,1909f56bfc062723c751e8b465ee728b)  -> (artifact id: 'f3c028bcbdf6dbf301b915f44685f2be') in 0.001565 seconds
  Import took 0.003899 seconds .

========================================================================
Received Import Request.
  Time since last request: 0.003447 seconds.
  path: Assets/Scripts/AnimatePlayer.cs
  artifactKey: Guid(ce507a05a2be648b19f0b4643e3e3c76) Importer(815301076,1909f56bfc062723c751e8b465ee728b)
Start importing Assets/Scripts/AnimatePlayer.cs using Guid(ce507a05a2be648b19f0b4643e3e3c76) Importer(815301076,1909f56bfc062723c751e8b465ee728b)  -> (artifact id: 'f3c028bcbdf6dbf301b915f44685f2be') in 0.001172 seconds
  Import took 0.003602 seconds .

========================================================================
Received Prepare
Registering precompiled user dll's ...
Registered in 0.000443 seconds.
Begin MonoManager ReloadAssembly
Native extension for OSXStandalone target not found
Refreshing native plugins compatible for Editor in 0.24 ms, found 1 plugins.
Preloading 0 native plugins for Editor in 0.00 ms.
Invoked RoslynAnalysisRunner static constructor.
RoslynAnalysisRunner will not be running.
RoslynAnalysisRunner has terminated.
Mono: successfully reloaded assembly
- Completed reload, in  1.050 seconds
Platform modules already initialized, skipping
Refreshing native plugins compatible for Editor in 0.19 ms, found 1 plugins.
Preloading 0 native plugins for Editor in 0.00 ms.
Unloading 1118 Unused Serialized files (Serialized files now loaded: 0)
System memory in use before: 140.0 MB.
System memory in use after: 140.1 MB.

Unloading 5 unused Assets to reduce memory usage. Loaded Objects now: 1654.
Total: 1.875968 ms (FindLiveObjects: 0.186559 ms CreateObjectMapping: 0.041744 ms MarkObjects: 1.592208 ms  DeleteObjects: 0.054508 ms)

========================================================================
Received Import Request.
  Time since last request: 42.028722 seconds.
  path: Assets/Scripts/AnimatePlayer.cs
  artifactKey: Guid(ce507a05a2be648b19f0b4643e3e3c76) Importer(815301076,1909f56bfc062723c751e8b465ee728b)
Start importing Assets/Scripts/AnimatePlayer.cs using Guid(ce507a05a2be648b19f0b4643e3e3c76) Importer(815301076,1909f56bfc062723c751e8b465ee728b)  -> (artifact id: '0526a7d200ddd0da49f49db70b7316aa') in 0.004187 seconds
  Import took 0.006113 seconds .

========================================================================
Received Prepare
Registering precompiled user dll's ...
Registered in 0.000348 seconds.
Begin MonoManager ReloadAssembly
Native extension for OSXStandalone target not found
Refreshing native plugins compatible for Editor in 0.24 ms, found 1 plugins.
Preloading 0 native plugins for Editor in 0.00 ms.
Invoked RoslynAnalysisRunner static constructor.
RoslynAnalysisRunner will not be running.
RoslynAnalysisRunner has terminated.
Mono: successfully reloaded assembly
- Completed reload, in  1.120 seconds
Platform modules already initialized, skipping
Refreshing native plugins compatible for Editor in 0.22 ms, found 1 plugins.
Preloading 0 native plugins for Editor in 0.00 ms.
Unloading 1118 Unused Serialized files (Serialized files now loaded: 0)
System memory in use before: 140.2 MB.
System memory in use after: 140.2 MB.

Unloading 5 unused Assets to reduce memory usage. Loaded Objects now: 1657.
Total: 2.961557 ms (FindLiveObjects: 0.370682 ms CreateObjectMapping: 0.040858 ms MarkObjects: 2.377355 ms  DeleteObjects: 0.167401 ms)

========================================================================
Received Import Request.
  Time since last request: 36.799926 seconds.
  path: Assets/Scripts/AnimatePlayer.cs
  artifactKey: Guid(ce507a05a2be648b19f0b4643e3e3c76) Importer(815301076,1909f56bfc062723c751e8b465ee728b)
Start importing Assets/Scripts/AnimatePlayer.cs using Guid(ce507a05a2be648b19f0b4643e3e3c76) Importer(815301076,1909f56bfc062723c751e8b465ee728b)  -> (artifact id: 'a27bfbd5887f622faa6757c49fe43bc0') in 0.006623 seconds
  Import took 0.008911 seconds .

========================================================================
Received Import Request.
  Time since last request: 5.147497 seconds.
  path: Assets/Scripts/AnimatePlayer.cs
  artifactKey: Guid(ce507a05a2be648b19f0b4643e3e3c76) Importer(815301076,1909f56bfc062723c751e8b465ee728b)
Start importing Assets/Scripts/AnimatePlayer.cs using Guid(ce507a05a2be648b19f0b4643e3e3c76) Importer(815301076,1909f56bfc062723c751e8b465ee728b)  -> (artifact id: 'add836b1493212816424b06225b9ea78') in 0.002331 seconds
  Import took 0.007137 seconds .

========================================================================
Received Prepare
Registering precompiled user dll's ...
Registered in 0.000593 seconds.
Begin MonoManager ReloadAssembly
Native extension for OSXStandalone target not found
Refreshing native plugins compatible for Editor in 0.24 ms, found 1 plugins.
Preloading 0 native plugins for Editor in 0.00 ms.
Invoked RoslynAnalysisRunner static constructor.
RoslynAnalysisRunner will not be running.
RoslynAnalysisRunner has terminated.
Mono: successfully reloaded assembly
- Completed reload, in  1.150 seconds
Platform modules already initialized, skipping
Refreshing native plugins compatible for Editor in 0.21 ms, found 1 plugins.
Preloading 0 native plugins for Editor in 0.00 ms.
Unloading 1118 Unused Serialized files (Serialized files now loaded: 0)
System memory in use before: 140.3 MB.
System memory in use after: 140.4 MB.

Unloading 5 unused Assets to reduce memory usage. Loaded Objects now: 1660.
Total: 1.654329 ms (FindLiveObjects: 0.205099 ms CreateObjectMapping: 0.040126 ms MarkObjects: 1.357139 ms  DeleteObjects: 0.050918 ms)

========================================================================
Received Import Request.
  Time since last request: 24.333775 seconds.
  path: Assets/Scripts/AnimatePlayer.cs
  artifactKey: Guid(ce507a05a2be648b19f0b4643e3e3c76) Importer(815301076,1909f56bfc062723c751e8b465ee728b)
Start importing Assets/Scripts/AnimatePlayer.cs using Guid(ce507a05a2be648b19f0b4643e3e3c76) Importer(815301076,1909f56bfc062723c751e8b465ee728b)  -> (artifact id: '6dd491b97876838860da74b48f195365') in 0.004188 seconds
  Import took 0.006639 seconds .

========================================================================
Received Import Request.
  Time since last request: 6.523586 seconds.
  path: Assets/Scripts/AnimatePlayer.cs
  artifactKey: Guid(ce507a05a2be648b19f0b4643e3e3c76) Importer(815301076,1909f56bfc062723c751e8b465ee728b)
Start importing Assets/Scripts/AnimatePlayer.cs using Guid(ce507a05a2be648b19f0b4643e3e3c76) Importer(815301076,1909f56bfc062723c751e8b465ee728b)  -> (artifact id: '6cfa60114435283c9b7bab9aa195d804') in 0.001075 seconds
  Import took 0.003716 seconds .

========================================================================
Received Import Request.
  Time since last request: 23.344188 seconds.
  path: Assets/Scripts/AnimatePlayer.cs
  artifactKey: Guid(ce507a05a2be648b19f0b4643e3e3c76) Importer(815301076,1909f56bfc062723c751e8b465ee728b)
Start importing Assets/Scripts/AnimatePlayer.cs using Guid(ce507a05a2be648b19f0b4643e3e3c76) Importer(815301076,1909f56bfc062723c751e8b465ee728b)  -> (artifact id: '6cb35fe4025afb05bf381414f411b267') in 0.003781 seconds
  Import took 0.007419 seconds .

========================================================================
Received Import Request.
  Time since last request: 48.424900 seconds.
  path: Assets/Scripts/AnimatePlayer.cs
  artifactKey: Guid(ce507a05a2be648b19f0b4643e3e3c76) Importer(815301076,1909f56bfc062723c751e8b465ee728b)
Start importing Assets/Scripts/AnimatePlayer.cs using Guid(ce507a05a2be648b19f0b4643e3e3c76) Importer(815301076,1909f56bfc062723c751e8b465ee728b)  -> (artifact id: '4c123c3cb74a8011b2e628b07b8948d5') in 0.002858 seconds
  Import took 0.006680 seconds .

========================================================================
Received Import Request.
  Time since last request: 39.884584 seconds.
  path: Assets/Scripts/AnimatePlayer.cs
  artifactKey: Guid(ce507a05a2be648b19f0b4643e3e3c76) Importer(815301076,1909f56bfc062723c751e8b465ee728b)
Start importing Assets/Scripts/AnimatePlayer.cs using Guid(ce507a05a2be648b19f0b4643e3e3c76) Importer(815301076,1909f56bfc062723c751e8b465ee728b)  -> (artifact id: '0f24944ef9df26162746293c752466b7') in 0.002349 seconds
  Import took 0.006047 seconds .

========================================================================
Received Import Request.
  Time since last request: 7.011393 seconds.
  path: Assets/Scripts/AnimatePlayer.cs
  artifactKey: Guid(ce507a05a2be648b19f0b4643e3e3c76) Importer(815301076,1909f56bfc062723c751e8b465ee728b)
Start importing Assets/Scripts/AnimatePlayer.cs using Guid(ce507a05a2be648b19f0b4643e3e3c76) Importer(815301076,1909f56bfc062723c751e8b465ee728b)  -> (artifact id: '8e3f15691adff4e4355d42a6dc213855') in 0.001149 seconds
  Import took 0.004037 seconds .

========================================================================
Received Import Request.
  Time since last request: 37.707277 seconds.
  path: Assets/Scripts/AnimatePlayer.cs
  artifactKey: Guid(ce507a05a2be648b19f0b4643e3e3c76) Importer(815301076,1909f56bfc062723c751e8b465ee728b)
Start importing Assets/Scripts/AnimatePlayer.cs using Guid(ce507a05a2be648b19f0b4643e3e3c76) Importer(815301076,1909f56bfc062723c751e8b465ee728b)  -> (artifact id: 'baffe3d06a0d810938d010a7bde883fa') in 0.001467 seconds
  Import took 0.005449 seconds .

========================================================================
Received Import Request.
  Time since last request: 13.141316 seconds.
  path: Assets/Scripts/AnimatePlayer.cs
  artifactKey: Guid(ce507a05a2be648b19f0b4643e3e3c76) Importer(815301076,1909f56bfc062723c751e8b465ee728b)
Start importing Assets/Scripts/AnimatePlayer.cs using Guid(ce507a05a2be648b19f0b4643e3e3c76) Importer(815301076,1909f56bfc062723c751e8b465ee728b)  -> (artifact id: 'a825ef0636247faefe7f1d2baa5af5b9') in 0.002344 seconds
  Import took 0.007043 seconds .

========================================================================
Received Import Request.
  Time since last request: 29.017716 seconds.
  path: Assets/Scripts/AnimatePlayer.cs
  artifactKey: Guid(ce507a05a2be648b19f0b4643e3e3c76) Importer(815301076,1909f56bfc062723c751e8b465ee728b)
Start importing Assets/Scripts/AnimatePlayer.cs using Guid(ce507a05a2be648b19f0b4643e3e3c76) Importer(815301076,1909f56bfc062723c751e8b465ee728b)  -> (artifact id: 'cf8598fb73d0820ba236e38ef71e4a71') in 0.001159 seconds
  Import took 0.004360 seconds .

========================================================================
Received Import Request.
  Time since last request: 20.301739 seconds.
  path: Assets/Scripts/AnimatePlayer.cs
  artifactKey: Guid(ce507a05a2be648b19f0b4643e3e3c76) Importer(815301076,1909f56bfc062723c751e8b465ee728b)
Start importing Assets/Scripts/AnimatePlayer.cs using Guid(ce507a05a2be648b19f0b4643e3e3c76) Importer(815301076,1909f56bfc062723c751e8b465ee728b)  -> (artifact id: '95b6ac53b362f5d463cd23b61955e2e9') in 0.002777 seconds
  Import took 0.006820 seconds .

========================================================================
Received Import Request.
  Time since last request: 21.510913 seconds.
  path: Assets/Scripts/AnimatePlayer.cs
  artifactKey: Guid(ce507a05a2be648b19f0b4643e3e3c76) Importer(815301076,1909f56bfc062723c751e8b465ee728b)
Start importing Assets/Scripts/AnimatePlayer.cs using Guid(ce507a05a2be648b19f0b4643e3e3c76) Importer(815301076,1909f56bfc062723c751e8b465ee728b)  -> (artifact id: '826cd81684c7b98173c0ce2c5da78b04') in 0.001129 seconds
  Import took 0.004090 seconds .

========================================================================
Received Import Request.
  Time since last request: 23.114537 seconds.
  path: Assets/Scripts/AnimatePlayer.cs
  artifactKey: Guid(ce507a05a2be648b19f0b4643e3e3c76) Importer(815301076,1909f56bfc062723c751e8b465ee728b)
Start importing Assets/Scripts/AnimatePlayer.cs using Guid(ce507a05a2be648b19f0b4643e3e3c76) Importer(815301076,1909f56bfc062723c751e8b465ee728b)  -> (artifact id: 'dc46f453c8dac9119840716b134a6426') in 0.002081 seconds
  Import took 0.006390 seconds .

========================================================================
Received Import Request.
  Time since last request: 37.755441 seconds.
  path: Assets/Scripts/AnimatePlayer.cs
  artifactKey: Guid(ce507a05a2be648b19f0b4643e3e3c76) Importer(815301076,1909f56bfc062723c751e8b465ee728b)
Start importing Assets/Scripts/AnimatePlayer.cs using Guid(ce507a05a2be648b19f0b4643e3e3c76) Importer(815301076,1909f56bfc062723c751e8b465ee728b)  -> (artifact id: '33f717d7fc3bef21733f3eeec29e1842') in 0.001614 seconds
  Import took 0.004593 seconds .

========================================================================
Received Import Request.
  Time since last request: 30.210808 seconds.
  path: Assets/Scripts/AnimatePlayer.cs
  artifactKey: Guid(ce507a05a2be648b19f0b4643e3e3c76) Importer(815301076,1909f56bfc062723c751e8b465ee728b)
Start importing Assets/Scripts/AnimatePlayer.cs using Guid(ce507a05a2be648b19f0b4643e3e3c76) Importer(815301076,1909f56bfc062723c751e8b465ee728b)  -> (artifact id: 'd909124bcd0bd7e8bcfbcbf226f8a1c8') in 0.001136 seconds
  Import took 0.004359 seconds .

========================================================================
Received Import Request.
  Time since last request: 26.085665 seconds.
  path: Assets/Scripts/AnimatePlayer.cs
  artifactKey: Guid(ce507a05a2be648b19f0b4643e3e3c76) Importer(815301076,1909f56bfc062723c751e8b465ee728b)
Start importing Assets/Scripts/AnimatePlayer.cs using Guid(ce507a05a2be648b19f0b4643e3e3c76) Importer(815301076,1909f56bfc062723c751e8b465ee728b)  -> (artifact id: '472461b1db594d597fe5045e19e0f22c') in 0.001294 seconds
  Import took 0.004627 seconds .

========================================================================
Received Prepare
Registering precompiled user dll's ...
Registered in 0.000648 seconds.
Begin MonoManager ReloadAssembly
Native extension for OSXStandalone target not found
Refreshing native plugins compatible for Editor in 0.25 ms, found 1 plugins.
Preloading 0 native plugins for Editor in 0.00 ms.
Invoked RoslynAnalysisRunner static constructor.
RoslynAnalysisRunner will not be running.
RoslynAnalysisRunner has terminated.
Mono: successfully reloaded assembly
- Completed reload, in  1.134 seconds
Platform modules already initialized, skipping
Refreshing native plugins compatible for Editor in 0.22 ms, found 1 plugins.
Preloading 0 native plugins for Editor in 0.00 ms.
Unloading 1118 Unused Serialized files (Serialized files now loaded: 0)
System memory in use before: 140.6 MB.
System memory in use after: 140.6 MB.

Unloading 5 unused Assets to reduce memory usage. Loaded Objects now: 1663.
Total: 2.072229 ms (FindLiveObjects: 0.314222 ms CreateObjectMapping: 0.068937 ms MarkObjects: 1.630730 ms  DeleteObjects: 0.056136 ms)

========================================================================
Received Import Request.
  Time since last request: 62.063896 seconds.
  path: Assets/Scripts/AnimatePlayer.cs
  artifactKey: Guid(ce507a05a2be648b19f0b4643e3e3c76) Importer(815301076,1909f56bfc062723c751e8b465ee728b)
Start importing Assets/Scripts/AnimatePlayer.cs using Guid(ce507a05a2be648b19f0b4643e3e3c76) Importer(815301076,1909f56bfc062723c751e8b465ee728b)  -> (artifact id: 'ec270d786f93274b4b1193aaa9eaa067') in 0.004334 seconds
  Import took 0.006831 seconds .

========================================================================
Received Prepare
Registering precompiled user dll's ...
Registered in 0.000674 seconds.
Begin MonoManager ReloadAssembly
Native extension for OSXStandalone target not found
Refreshing native plugins compatible for Editor in 0.46 ms, found 1 plugins.
Preloading 0 native plugins for Editor in 0.00 ms.
Invoked RoslynAnalysisRunner static constructor.
RoslynAnalysisRunner will not be running.
RoslynAnalysisRunner has terminated.
Mono: successfully reloaded assembly
- Completed reload, in  3.567 seconds
Platform modules already initialized, skipping
Refreshing native plugins compatible for Editor in 0.56 ms, found 1 plugins.
Preloading 0 native plugins for Editor in 0.00 ms.
Unloading 1118 Unused Serialized files (Serialized files now loaded: 0)
System memory in use before: 140.7 MB.
System memory in use after: 140.8 MB.

Unloading 5 unused Assets to reduce memory usage. Loaded Objects now: 1666.
Total: 6.456375 ms (FindLiveObjects: 1.049640 ms CreateObjectMapping: 0.329205 ms MarkObjects: 4.987941 ms  DeleteObjects: 0.087011 ms)

========================================================================
Received Prepare
Registering precompiled user dll's ...
Registered in 0.000506 seconds.
Begin MonoManager ReloadAssembly
Native extension for OSXStandalone target not found
Refreshing native plugins compatible for Editor in 0.36 ms, found 1 plugins.
Preloading 0 native plugins for Editor in 0.00 ms.
Invoked RoslynAnalysisRunner static constructor.
RoslynAnalysisRunner will not be running.
RoslynAnalysisRunner has terminated.
Mono: successfully reloaded assembly
- Completed reload, in  1.499 seconds
Platform modules already initialized, skipping
Refreshing native plugins compatible for Editor in 0.30 ms, found 1 plugins.
Preloading 0 native plugins for Editor in 0.00 ms.
Unloading 1118 Unused Serialized files (Serialized files now loaded: 0)
System memory in use before: 140.9 MB.
System memory in use after: 140.9 MB.

Unloading 5 unused Assets to reduce memory usage. Loaded Objects now: 1669.
Total: 2.654344 ms (FindLiveObjects: 0.345318 ms CreateObjectMapping: 0.090346 ms MarkObjects: 2.142453 ms  DeleteObjects: 0.074430 ms)

========================================================================
Received Import Request.
  Time since last request: 243.620944 seconds.
  path: Assets/Scripts/AnimatePlayer.cs
  artifactKey: Guid(ce507a05a2be648b19f0b4643e3e3c76) Importer(815301076,1909f56bfc062723c751e8b465ee728b)
Start importing Assets/Scripts/AnimatePlayer.cs using Guid(ce507a05a2be648b19f0b4643e3e3c76) Importer(815301076,1909f56bfc062723c751e8b465ee728b)  -> (artifact id: 'b97f8106eca6ec1211df6ce85227b544') in 0.004899 seconds
  Import took 0.008616 seconds .

========================================================================
Received Prepare
Registering precompiled user dll's ...
Registered in 0.001879 seconds.
Begin MonoManager ReloadAssembly
Native extension for OSXStandalone target not found
Refreshing native plugins compatible for Editor in 0.27 ms, found 1 plugins.
Preloading 0 native plugins for Editor in 0.00 ms.
Invoked RoslynAnalysisRunner static constructor.
RoslynAnalysisRunner will not be running.
RoslynAnalysisRunner has terminated.
Mono: successfully reloaded assembly
- Completed reload, in  1.775 seconds
Platform modules already initialized, skipping
Refreshing native plugins compatible for Editor in 0.39 ms, found 1 plugins.
Preloading 0 native plugins for Editor in 0.00 ms.
Unloading 1118 Unused Serialized files (Serialized files now loaded: 0)
System memory in use before: 141.1 MB.
System memory in use after: 141.1 MB.

Unloading 5 unused Assets to reduce memory usage. Loaded Objects now: 1672.
Total: 1.984667 ms (FindLiveObjects: 0.188214 ms CreateObjectMapping: 0.051719 ms MarkObjects: 1.684762 ms  DeleteObjects: 0.056929 ms)

========================================================================
Received Prepare
Registering precompiled user dll's ...
Registered in 0.000494 seconds.
Begin MonoManager ReloadAssembly
Native extension for OSXStandalone target not found
Refreshing native plugins compatible for Editor in 0.37 ms, found 1 plugins.
Preloading 0 native plugins for Editor in 0.00 ms.
Invoked RoslynAnalysisRunner static constructor.
RoslynAnalysisRunner will not be running.
RoslynAnalysisRunner has terminated.
Mono: successfully reloaded assembly
- Completed reload, in  1.233 seconds
Platform modules already initialized, skipping
Refreshing native plugins compatible for Editor in 0.34 ms, found 1 plugins.
Preloading 0 native plugins for Editor in 0.00 ms.
Unloading 1118 Unused Serialized files (Serialized files now loaded: 0)
System memory in use before: 141.2 MB.
System memory in use after: 141.3 MB.

Unloading 5 unused Assets to reduce memory usage. Loaded Objects now: 1675.
Total: 2.463900 ms (FindLiveObjects: 0.308417 ms CreateObjectMapping: 0.064632 ms MarkObjects: 2.025630 ms  DeleteObjects: 0.063431 ms)

========================================================================
Received Import Request.
  Time since last request: 18.835019 seconds.
  path: Assets/Scripts/AnimatePlayer.cs
  artifactKey: Guid(ce507a05a2be648b19f0b4643e3e3c76) Importer(815301076,1909f56bfc062723c751e8b465ee728b)
Start importing Assets/Scripts/AnimatePlayer.cs using Guid(ce507a05a2be648b19f0b4643e3e3c76) Importer(815301076,1909f56bfc062723c751e8b465ee728b)  -> (artifact id: '45b62c512a614609210c2a16b456928b') in 0.003767 seconds
  Import took 0.005921 seconds .

========================================================================
Received Prepare
Registering precompiled user dll's ...
Registered in 0.001170 seconds.
Begin MonoManager ReloadAssembly
Native extension for OSXStandalone target not found
Refreshing native plugins compatible for Editor in 1.12 ms, found 1 plugins.
Preloading 0 native plugins for Editor in 0.00 ms.
Invoked RoslynAnalysisRunner static constructor.
RoslynAnalysisRunner will not be running.
RoslynAnalysisRunner has terminated.
Mono: successfully reloaded assembly
- Completed reload, in  3.565 seconds
Platform modules already initialized, skipping
Refreshing native plugins compatible for Editor in 0.52 ms, found 1 plugins.
Preloading 0 native plugins for Editor in 0.00 ms.
Unloading 1118 Unused Serialized files (Serialized files now loaded: 0)
System memory in use before: 141.3 MB.
System memory in use after: 141.4 MB.

Unloading 5 unused Assets to reduce memory usage. Loaded Objects now: 1678.
Total: 5.001152 ms (FindLiveObjects: 0.381633 ms CreateObjectMapping: 0.117350 ms MarkObjects: 4.357511 ms  DeleteObjects: 0.140244 ms)

========================================================================
Received Prepare
Registering precompiled user dll's ...
Registered in 0.000953 seconds.
Begin MonoManager ReloadAssembly
Native extension for OSXStandalone target not found
Refreshing native plugins compatible for Editor in 0.30 ms, found 1 plugins.
Preloading 0 native plugins for Editor in 0.00 ms.
Invoked RoslynAnalysisRunner static constructor.
RoslynAnalysisRunner will not be running.
RoslynAnalysisRunner has terminated.
Mono: successfully reloaded assembly
- Completed reload, in  3.168 seconds
Platform modules already initialized, skipping
Refreshing native plugins compatible for Editor in 0.45 ms, found 1 plugins.
Preloading 0 native plugins for Editor in 0.00 ms.
Unloading 1118 Unused Serialized files (Serialized files now loaded: 0)
System memory in use before: 141.5 MB.
System memory in use after: 141.5 MB.

Unloading 5 unused Assets to reduce memory usage. Loaded Objects now: 1681.
Total: 3.042645 ms (FindLiveObjects: 0.293314 ms CreateObjectMapping: 0.062853 ms MarkObjects: 2.609211 ms  DeleteObjects: 0.075514 ms)

